<?xml version="1.0" encoding="UTF-8"?>
<testng-results skipped="0" failed="0" ignored="0" total="2" passed="2">
  <reporter-output>
  </reporter-output>
  <suite name="Suite" duration-ms="5929" started-at="2022-11-28T15:39:32 IST" finished-at="2022-11-28T15:39:38 IST">
    <groups>
    </groups>
    <test name="Test" duration-ms="5929" started-at="2022-11-28T15:39:32 IST" finished-at="2022-11-28T15:39:38 IST">
      <class name="com.testng.frame.Cross_Browser_Test">
        <test-method status="PASS" signature="amazon_edge()[pri:0, instance:com.testng.frame.Cross_Browser_Test@587e5365]" name="amazon_edge" duration-ms="5354" started-at="2022-11-28T15:39:32 IST" finished-at="2022-11-28T15:39:37 IST">
          <reporter-output>
          </reporter-output>
        </test-method> <!-- amazon_edge -->
        <test-method status="PASS" signature="adactin_chrome()[pri:0, instance:com.testng.frame.Cross_Browser_Test@587e5365]" name="adactin_chrome" duration-ms="5890" started-at="2022-11-28T15:39:32 IST" finished-at="2022-11-28T15:39:38 IST">
          <reporter-output>
          </reporter-output>
        </test-method> <!-- adactin_chrome -->
      </class> <!-- com.testng.frame.Cross_Browser_Test -->
    </test> <!-- Test -->
  </suite> <!-- Suite -->
</testng-results>
